<?xml version="1.0" encoding="UTF-8"?>
<!-- Generated by org.testng.reporters.JUnitReportReporter -->
<testsuite hostname="Users-MacBook-Pro.local" failures="0" tests="3" name="GitHubSearch" time="12.019" errors="0" timestamp="2021-05-22T11:36:40 IST" skipped="0">
  <testcase classname="GitHubSearch" name="verifyNavigationToGitHub" time="3.817"/>
  <system-out>
Navigated to github.com Search box is available Autosuggestion dialog box is displayed  </system-out>
  <testcase classname="GitHubSearch" name="VerifyNavigationToRepository" time="2.071"/>
  <system-out>
Navigated to github.com Searched repository: vinayakkaladharbeam Repository: vinayakkaladharbeam is displayed Landed on the repository page: vinayakkaladharbeam  </system-out>
  <testcase classname="GitHubSearch" name="verifySearchFileFunctionality" time="6.131"/>
  <system-out>
Navigated to github.com Searching for file: vinayak No matching files found message is displayed Searching for file: readme File:readme is displayed  </system-out>
</testsuite> <!-- GitHubSearch -->
