<?xml version="1.0" encoding="UTF-8"?>
<!-- Generated by org.testng.reporters.JUnitReportReporter -->
<testsuite hostname="Users-MacBook-Pro.local" failures="0" tests="4" name="GoogleSearch" time="18.993" errors="0" timestamp="2021-05-22T10:06:31 IST" skipped="0">
  <testcase classname="GoogleSearch" name="verifyHomeSearchPage" time="2.907"/>
  <system-out>
Navigated to google.com search box is available autosuggestions are displayed  </system-out>
  <testcase classname="GoogleSearch" name="verifySearchingContent" time="5.341"/>
  <system-out>
Navigated to google.com Searched tesla verified result count landed on tesla site  </system-out>
  <testcase classname="GoogleSearch" name="verifyPaginationCheck" time="5.099"/>
  <system-out>
searched content pagination is available  </system-out>
  <testcase classname="GoogleSearch" name="verifyLanguageChange" time="5.646"/>
  <system-out>
searched content Language is changed to dutch  </system-out>
</testsuite> <!-- GoogleSearch -->
